Arguments: 
  /root/.nvm/versions/node/v14.17.1/bin/node /usr/share/yarn/bin/yarn.js

PATH: 
  /root/.nvm/versions/node/v14.17.1/bin:/root/.npm-packages/bin:/root/.vscode-server/bin/7f6ab5485bbc008386c4386d08766667e155244e/bin:/root/.npm-packages/bin:/usr/local/sbin:/usr/local/bin:/usr/sbin:/usr/bin:/sbin:/bin:/usr/games:/usr/local/games:/mnt/c/Program Files/Common Files/Oracle/Java/javapath:/mnt/c/Python39/Scripts/:/mnt/c/Python39/:/mnt/c/Program Files (x86)/Intel/iCLS Client/:/mnt/c/Python38/Scripts/:/mnt/c/Python38/:/mnt/c/Program Files/Intel/iCLS Client/:/mnt/c/Windows/system32:/mnt/c/Windows:/mnt/c/Windows/System32/Wbem:/mnt/c/Windows/System32/WindowsPowerShell/v1.0/:/mnt/c/Windows/System32/OpenSSH/:/mnt/c/Program Files (x86)/NVIDIA Corporation/PhysX/Common:/mnt/c/Program Files/Common Files/Autodesk Shared/:/mnt/c/Program Files/NVIDIA Corporation/NVIDIA NvDLISR:/mnt/c/Program Files/Microsoft SQL Server/120/Tools/Binn/:/mnt/c/WINDOWS/system32:/mnt/c/WINDOWS:/mnt/c/WINDOWS/System32/Wbem:/mnt/c/WINDOWS/System32/WindowsPowerShell/v1.0/:/mnt/c/WINDOWS/System32/OpenSSH/:/mnt/c/Program Files/Microsoft SQL Server/Client SDK/ODBC/110/Tools/Binn/:/mnt/c/Program Files (x86)/Microsoft SQL Server/120/Tools/Binn/:/mnt/c/Program Files/Microsoft SQL Server/120/DTS/Binn/:/mnt/c/Program Files (x86)/Windows Kits/8.1/Windows Performance Toolkit/:/mnt/c/ProgramData/chocolatey/bin:/mnt/c/Program Files (x86)/Yarn/bin/:/mnt/c/Program Files (x86)/Intel/Intel(R) Management Engine Components/DAL:/mnt/c/Program Files/Intel/Intel(R) Management Engine Components/DAL:/mnt/c/Program Files (x86)/Intel/Intel(R) Management Engine Components/IPT:/mnt/c/Program Files/Intel/Intel(R) Management Engine Components/IPT:/mnt/c/Program Files/Git/cmd:/mnt/c/Program Files/nodejs/:/mnt/c/Users/nemo_/AppData/Local/Microsoft/WindowsApps:/mnt/c/Users/nemo_/AppData/Local/GitHubDesktop/bin:/mnt/c/Users/nemo_/AppData/Local/Programs/Microsoft VS Code/bin

Yarn version: 
  1.22.5

Node version: 
  14.17.1

Platform: 
  linux x64

Trace: 
  Error: getaddrinfo EAI_AGAIN registry.yarnpkg.com
      at GetAddrInfoReqWrap.onlookup [as oncomplete] (dns.js:69:26)

npm manifest: 
  {
    "name": "javascript-practice",
    "version": "1.0.0",
    "description": "",
    "main": "index.js",
    "dependencies": {
      "@typescript-eslint/eslint-plugin": "^4.33.0",
      "@typescript-eslint/parser": "^4.33.0",
      "eslint": "^7.32.0",
      "eslint-config-standard": "^16.0.2",
      "eslint-plugin-import": "^2.24.2",
      "eslint-plugin-promise": "^5.1.0",
      "prettier": "^2.4.1"
    },
    "devDependencies": {
  
    },
    "scripts": {
      "test": "echo \"Error: no test specified\" && exit 1"
    },
    "repository": {
      "type": "git",
      "url": "git+https://github.com/AhmedEldessouki/javascript-practice.git"
    },
    "author": "",
    "license": "MIT",
    "bugs": {
      "url": "https://github.com/AhmedEldessouki/javascript-practice/issues"
    },
    "homepage": "https://github.com/AhmedEldessouki/javascript-practice#readme"
  }

yarn manifest: 
  No manifest

Lockfile: 
  No lockfile
